[handleMsg]:  {
  key: {
    remoteJid: '56933769655@s.whatsapp.net',
    fromMe: false,
    id: '3A2ECA4E4A506ECFE1DB',
    participant: undefined
  },
  messageTimestamp: 1742406416,
  pushName: 'Susana Guerrero',
  broadcast: false,
  message: Message {
    conversation: 'Sii.. ahí vamos poco',
    messageContextInfo: MessageContextInfo {
      deviceListMetadata: [DeviceListMetadata],
      deviceListMetadataVersion: 2,
      messageSecret: [Uint8Array]
    }
  },
  body: 'Sii.. ahí vamos poco',
  from: '56933769655'
}
[handleMsg]:  {
  key: {
    remoteJid: '56968577243@s.whatsapp.net',
    fromMe: false,
    id: '3A1F9820991D9846B116',
    participant: undefined
  },
  messageTimestamp: 1742406488,
  pushName: 'Carol Medel',
  broadcast: false,
  message: Message {
    conversation: 'Gracias Jesús',
    messageContextInfo: MessageContextInfo {
      deviceListMetadata: [DeviceListMetadata],
      deviceListMetadataVersion: 2,
      messageSecret: [Uint8Array]
    }
  },
  body: 'Gracias Jesús',
  from: '56968577243'
}
